# JRE version: Java(TM) SE Runtime Environment (17.0.11+7) (build 17.0.11+7-LTS-207)
# Java VM: Java HotSpot(TM) 64-Bit Server VM (17.0.11+7-LTS-207, mixed mode, sharing, tiered, compressed oops, compressed class ptrs, g1 gc, windows-amd64)
GC Precious Log:
 CPUs: 8 total, 8 available
 Memory: 7890M
 Large Page Support: Disabled
 NUMA Support: Disabled
 Compressed Oops: Enabled (Zero based)
 Heap Region Size: 2M
 Heap Min Capacity: 8M
 Heap Initial Capacity: 124M
 Heap Max Capacity: 4G
 Pre-touch: Disabled
 Parallel Workers: 8
 Concurrent Workers: 2
 Concurrent Refinement Workers: 8
 Periodic GC: Disabled
Heap:
 garbage-first heap   total 581632K, used 498848K [0x0000000700000000, 0x0000000800000000)
  region size 2048K, 6 young (12288K), 1 survivors (2048K)
 Metaspace       used 152346K, committed 155520K, reserved 622592K
  class space    used 20837K, committed 22272K, reserved 425984K
GC Heap History (20 events):
Event: 238.881 GC heap before
{Heap before GC invocations=108 (full 0):
 garbage-first heap   total 581632K, used 507458K [0x0000000700000000, 0x0000000800000000)
  region size 2048K, 18 young (36864K), 3 survivors (6144K)
 Metaspace       used 145833K, committed 148800K, reserved 557056K
  class space    used 20019K, committed 21376K, reserved 425984K
}
Event: 238.890 GC heap after
{Heap after GC invocations=109 (full 0):
 garbage-first heap   total 581632K, used 480310K [0x0000000700000000, 0x0000000800000000)
  region size 2048K, 3 young (6144K), 3 survivors (6144K)
 Metaspace       used 145833K, committed 148800K, reserved 557056K
  class space    used 20019K, committed 21376K, reserved 425984K
}
Event: 239.223 GC heap before
{Heap before GC invocations=109 (full 0):
 garbage-first heap   total 581632K, used 506934K [0x0000000700000000, 0x0000000800000000)
  region size 2048K, 17 young (34816K), 3 survivors (6144K)
 Metaspace       used 145848K, committed 148800K, reserved 557056K
  class space    used 20019K, committed 21376K, reserved 425984K
}
Event: 239.231 GC heap after
{Heap after GC invocations=110 (full 0):
 garbage-first heap   total 581632K, used 481294K [0x0000000700000000, 0x0000000800000000)
  region size 2048K, 2 young (4096K), 2 survivors (4096K)
 Metaspace       used 145848K, committed 148800K, reserved 557056K
  class space    used 20019K, committed 21376K, reserved 425984K
}
Event: 239.613 GC heap before
{Heap before GC invocations=110 (full 0):
 garbage-first heap   total 581632K, used 507918K [0x0000000700000000, 0x0000000800000000)
  region size 2048K, 16 young (32768K), 2 survivors (4096K)
 Metaspace       used 145886K, committed 148928K, reserved 557056K
  class space    used 20019K, committed 21376K, reserved 425984K
}
Event: 239.620 GC heap after
{Heap after GC invocations=111 (full 0):
 garbage-first heap   total 581632K, used 482145K [0x0000000700000000, 0x0000000800000000)
  region size 2048K, 2 young (4096K), 2 survivors (4096K)
 Metaspace       used 145886K, committed 148928K, reserved 557056K
  class space    used 20019K, committed 21376K, reserved 425984K
}
Event: 241.071 GC heap before
{Heap before GC invocations=111 (full 0):
 garbage-first heap   total 581632K, used 508769K [0x0000000700000000, 0x0000000800000000)
  region size 2048K, 16 young (32768K), 2 survivors (4096K)
 Metaspace       used 146425K, committed 149440K, reserved 557056K
  class space    used 20073K, committed 21440K, reserved 425984K
}
Event: 241.081 GC heap after
{Heap after GC invocations=112 (full 0):
 garbage-first heap   total 581632K, used 483676K [0x0000000700000000, 0x0000000800000000)
  region size 2048K, 2 young (4096K), 2 survivors (4096K)
 Metaspace       used 146425K, committed 149440K, reserved 557056K
  class space    used 20073K, committed 21440K, reserved 425984K
}
Event: 241.808 GC heap before
{Heap before GC invocations=112 (full 0):
 garbage-first heap   total 581632K, used 508252K [0x0000000700000000, 0x0000000800000000)
  region size 2048K, 15 young (30720K), 2 survivors (4096K)
 Metaspace       used 146525K, committed 149504K, reserved 557056K
  class space    used 20089K, committed 21440K, reserved 425984K
}
Event: 241.817 GC heap after
{Heap after GC invocations=113 (full 0):
 garbage-first heap   total 581632K, used 485061K [0x0000000700000000, 0x0000000800000000)
  region size 2048K, 2 young (4096K), 2 survivors (4096K)
 Metaspace       used 146525K, committed 149504K, reserved 557056K
  class space    used 20089K, committed 21440K, reserved 425984K
}
Event: 243.274 GC heap before
{Heap before GC invocations=113 (full 0):
 garbage-first heap   total 581632K, used 507589K [0x0000000700000000, 0x0000000800000000)
  region size 2048K, 14 young (28672K), 2 survivors (4096K)
 Metaspace       used 147168K, committed 150208K, reserved 557056K
  class space    used 20183K, committed 21568K, reserved 425984K
}
Event: 243.284 GC heap after
{Heap after GC invocations=114 (full 0):
 garbage-first heap   total 581632K, used 486219K [0x0000000700000000, 0x0000000800000000)
  region size 2048K, 1 young (2048K), 1 survivors (2048K)
 Metaspace       used 147168K, committed 150208K, reserved 557056K
  class space    used 20183K, committed 21568K, reserved 425984K
}
Event: 244.653 GC heap before
{Heap before GC invocations=114 (full 0):
 garbage-first heap   total 581632K, used 510795K [0x0000000700000000, 0x0000000800000000)
  region size 2048K, 14 young (28672K), 1 survivors (2048K)
 Metaspace       used 148892K, committed 151936K, reserved 557056K
  class space    used 20363K, committed 21696K, reserved 425984K
}
Event: 244.663 GC heap after
{Heap after GC invocations=115 (full 0):
 garbage-first heap   total 581632K, used 488391K [0x0000000700000000, 0x0000000800000000)
  region size 2048K, 2 young (4096K), 2 survivors (4096K)
 Metaspace       used 148892K, committed 151936K, reserved 557056K
  class space    used 20363K, committed 21696K, reserved 425984K
}
Event: 247.370 GC heap before
{Heap before GC invocations=115 (full 0):
 garbage-first heap   total 581632K, used 512967K [0x0000000700000000, 0x0000000800000000)
  region size 2048K, 14 young (28672K), 2 survivors (4096K)
 Metaspace       used 150226K, committed 153280K, reserved 622592K
  class space    used 20550K, committed 21952K, reserved 425984K
}
Event: 247.387 GC heap after
{Heap after GC invocations=116 (full 0):
 garbage-first heap   total 581632K, used 490249K [0x0000000700000000, 0x0000000800000000)
  region size 2048K, 1 young (2048K), 1 survivors (2048K)
 Metaspace       used 150226K, committed 153280K, reserved 622592K
  class space    used 20550K, committed 21952K, reserved 425984K
}
Event: 292.568 GC heap before
{Heap before GC invocations=116 (full 0):
 garbage-first heap   total 581632K, used 514825K [0x0000000700000000, 0x0000000800000000)
  region size 2048K, 14 young (28672K), 1 survivors (2048K)
 Metaspace       used 151699K, committed 154880K, reserved 622592K
  class space    used 20755K, committed 22208K, reserved 425984K
}
Event: 292.607 GC heap after
{Heap after GC invocations=117 (full 0):
 garbage-first heap   total 581632K, used 492156K [0x0000000700000000, 0x0000000800000000)
  region size 2048K, 2 young (4096K), 2 survivors (4096K)
 Metaspace       used 151699K, committed 154880K, reserved 622592K
  class space    used 20755K, committed 22208K, reserved 425984K
}
Event: 313.988 GC heap before
{Heap before GC invocations=117 (full 0):
 garbage-first heap   total 581632K, used 514684K [0x0000000700000000, 0x0000000800000000)
  region size 2048K, 14 young (28672K), 2 survivors (4096K)
 Metaspace       used 152292K, committed 155456K, reserved 622592K
  class space    used 20831K, committed 22272K, reserved 425984K
}
Event: 314.031 GC heap after
{Heap after GC invocations=118 (full 0):
 garbage-first heap   total 581632K, used 492704K [0x0000000700000000, 0x0000000800000000)
  region size 2048K, 1 young (2048K), 1 survivors (2048K)
 Metaspace       used 152292K, committed 155456K, reserved 622592K
  class space    used 20831K, committed 22272K, reserved 425984K
}

