# JRE version: Java(TM) SE Runtime Environment (17.0.11+7) (build 17.0.11+7-LTS-207)
# Java VM: Java HotSpot(TM) 64-Bit Server VM (17.0.11+7-LTS-207, mixed mode, sharing, tiered, compressed oops, compressed class ptrs, g1 gc, windows-amd64)
GC Precious Log:
 CPUs: 8 total, 8 available
 Memory: 7890M
 Large Page Support: Disabled
 NUMA Support: Disabled
 Compressed Oops: Enabled (32-bit)
 Heap Region Size: 1M
 Heap Min Capacity: 8M
 Heap Initial Capacity: 124M
 Heap Max Capacity: 2G
 Pre-touch: Disabled
 Parallel Workers: 8
 Concurrent Workers: 2
 Concurrent Refinement Workers: 8
 Periodic GC: Disabled
Heap:
 garbage-first heap   total 181248K, used 140534K [0x0000000080000000, 0x0000000100000000)
  region size 1024K, 30 young (30720K), 4 survivors (4096K)
 Metaspace       used 83559K, committed 84608K, reserved 557056K
  class space    used 11717K, committed 12224K, reserved 425984K
GC Heap History (20 events):
Event: 27.067 GC heap after
{Heap after GC invocations=41 (full 0):
 garbage-first heap   total 150528K, used 89017K [0x0000000080000000, 0x0000000100000000)
  region size 1024K, 5 young (5120K), 5 survivors (5120K)
 Metaspace       used 80442K, committed 81408K, reserved 557056K
  class space    used 11375K, committed 11840K, reserved 425984K
}
Event: 39.490 GC heap before
{Heap before GC invocations=41 (full 0):
 garbage-first heap   total 150528K, used 122809K [0x0000000080000000, 0x0000000100000000)
  region size 1024K, 37 young (37888K), 5 survivors (5120K)
 Metaspace       used 82247K, committed 83264K, reserved 557056K
  class space    used 11609K, committed 12096K, reserved 425984K
}
Event: 39.495 GC heap after
{Heap after GC invocations=42 (full 0):
 garbage-first heap   total 150528K, used 92699K [0x0000000080000000, 0x0000000100000000)
  region size 1024K, 5 young (5120K), 5 survivors (5120K)
 Metaspace       used 82247K, committed 83264K, reserved 557056K
  class space    used 11609K, committed 12096K, reserved 425984K
}
Event: 39.713 GC heap before
{Heap before GC invocations=42 (full 0):
 garbage-first heap   total 150528K, used 122395K [0x0000000080000000, 0x0000000100000000)
  region size 1024K, 34 young (34816K), 5 survivors (5120K)
 Metaspace       used 82408K, committed 83392K, reserved 557056K
  class space    used 11620K, committed 12096K, reserved 425984K
}
Event: 39.717 GC heap after
{Heap after GC invocations=43 (full 0):
 garbage-first heap   total 150528K, used 94486K [0x0000000080000000, 0x0000000100000000)
  region size 1024K, 2 young (2048K), 2 survivors (2048K)
 Metaspace       used 82408K, committed 83392K, reserved 557056K
  class space    used 11620K, committed 12096K, reserved 425984K
}
Event: 40.208 GC heap before
{Heap before GC invocations=43 (full 0):
 garbage-first heap   total 150528K, used 124182K [0x0000000080000000, 0x0000000100000000)
  region size 1024K, 31 young (31744K), 2 survivors (2048K)
 Metaspace       used 82915K, committed 83904K, reserved 557056K
  class space    used 11696K, committed 12160K, reserved 425984K
}
Event: 40.212 GC heap after
{Heap after GC invocations=44 (full 0):
 garbage-first heap   total 150528K, used 98622K [0x0000000080000000, 0x0000000100000000)
  region size 1024K, 4 young (4096K), 4 survivors (4096K)
 Metaspace       used 82915K, committed 83904K, reserved 557056K
  class space    used 11696K, committed 12160K, reserved 425984K
}
Event: 41.887 GC heap before
{Heap before GC invocations=44 (full 0):
 garbage-first heap   total 150528K, used 123198K [0x0000000080000000, 0x0000000100000000)
  region size 1024K, 28 young (28672K), 4 survivors (4096K)
 Metaspace       used 83314K, committed 84352K, reserved 557056K
  class space    used 11712K, committed 12160K, reserved 425984K
}
Event: 41.894 GC heap after
{Heap after GC invocations=45 (full 0):
 garbage-first heap   total 150528K, used 104135K [0x0000000080000000, 0x0000000100000000)
  region size 1024K, 4 young (4096K), 4 survivors (4096K)
 Metaspace       used 83314K, committed 84352K, reserved 557056K
  class space    used 11712K, committed 12160K, reserved 425984K
}
Event: 42.151 GC heap before
{Heap before GC invocations=45 (full 0):
 garbage-first heap   total 150528K, used 123591K [0x0000000080000000, 0x0000000100000000)
  region size 1024K, 23 young (23552K), 4 survivors (4096K)
 Metaspace       used 83458K, committed 84480K, reserved 557056K
  class space    used 11712K, committed 12160K, reserved 425984K
}
Event: 42.155 GC heap after
{Heap after GC invocations=46 (full 0):
 garbage-first heap   total 150528K, used 106496K [0x0000000080000000, 0x0000000100000000)
  region size 1024K, 3 young (3072K), 3 survivors (3072K)
 Metaspace       used 83458K, committed 84480K, reserved 557056K
  class space    used 11712K, committed 12160K, reserved 425984K
}
Event: 42.374 GC heap before
{Heap before GC invocations=46 (full 0):
 garbage-first heap   total 150528K, used 123904K [0x0000000080000000, 0x0000000100000000)
  region size 1024K, 21 young (21504K), 3 survivors (3072K)
 Metaspace       used 83527K, committed 84608K, reserved 557056K
  class space    used 11717K, committed 12224K, reserved 425984K
}
Event: 42.378 GC heap after
{Heap after GC invocations=47 (full 0):
 garbage-first heap   total 150528K, used 109655K [0x0000000080000000, 0x0000000100000000)
  region size 1024K, 3 young (3072K), 3 survivors (3072K)
 Metaspace       used 83527K, committed 84608K, reserved 557056K
  class space    used 11717K, committed 12224K, reserved 425984K
}
Event: 42.446 GC heap before
{Heap before GC invocations=47 (full 0):
 garbage-first heap   total 150528K, used 123991K [0x0000000080000000, 0x0000000100000000)
  region size 1024K, 18 young (18432K), 3 survivors (3072K)
 Metaspace       used 83539K, committed 84608K, reserved 557056K
  class space    used 11717K, committed 12224K, reserved 425984K
}
Event: 42.449 GC heap after
{Heap after GC invocations=48 (full 0):
 garbage-first heap   total 181248K, used 111511K [0x0000000080000000, 0x0000000100000000)
  region size 1024K, 3 young (3072K), 3 survivors (3072K)
 Metaspace       used 83539K, committed 84608K, reserved 557056K
  class space    used 11717K, committed 12224K, reserved 425984K
}
Event: 42.580 GC heap before
{Heap before GC invocations=48 (full 0):
 garbage-first heap   total 181248K, used 144279K [0x0000000080000000, 0x0000000100000000)
  region size 1024K, 36 young (36864K), 3 survivors (3072K)
 Metaspace       used 83554K, committed 84608K, reserved 557056K
  class space    used 11717K, committed 12224K, reserved 425984K
}
Event: 42.583 GC heap after
{Heap after GC invocations=49 (full 0):
 garbage-first heap   total 181248K, used 113506K [0x0000000080000000, 0x0000000100000000)
  region size 1024K, 4 young (4096K), 4 survivors (4096K)
 Metaspace       used 83554K, committed 84608K, reserved 557056K
  class space    used 11717K, committed 12224K, reserved 425984K
}
Event: 42.703 GC heap before
{Heap before GC invocations=49 (full 0):
 garbage-first heap   total 181248K, used 146274K [0x0000000080000000, 0x0000000100000000)
  region size 1024K, 37 young (37888K), 4 survivors (4096K)
 Metaspace       used 83557K, committed 84608K, reserved 557056K
  class space    used 11717K, committed 12224K, reserved 425984K
}
Event: 42.706 GC heap after
{Heap after GC invocations=50 (full 0):
 garbage-first heap   total 181248K, used 114941K [0x0000000080000000, 0x0000000100000000)
  region size 1024K, 5 young (5120K), 5 survivors (5120K)
 Metaspace       used 83557K, committed 84608K, reserved 557056K
  class space    used 11717K, committed 12224K, reserved 425984K
}
Event: 42.791 GC heap before
{Heap before GC invocations=50 (full 0):
 garbage-first heap   total 181248K, used 146685K [0x0000000080000000, 0x0000000100000000)
  region size 1024K, 37 young (37888K), 5 survivors (5120K)
 Metaspace       used 83558K, committed 84608K, reserved 557056K
  class space    used 11717K, committed 12224K, reserved 425984K
}

