# JRE version: Java(TM) SE Runtime Environment (17.0.11+7) (build 17.0.11+7-LTS-207)
# Java VM: Java HotSpot(TM) 64-Bit Server VM (17.0.11+7-LTS-207, mixed mode, sharing, tiered, compressed oops, compressed class ptrs, g1 gc, windows-amd64)
GC Precious Log:
 CPUs: 8 total, 8 available
 Memory: 7890M
 Large Page Support: Disabled
 NUMA Support: Disabled
 Compressed Oops: Enabled (Zero based)
 Heap Region Size: 2M
 Heap Min Capacity: 8M
 Heap Initial Capacity: 124M
 Heap Max Capacity: 4G
 Pre-touch: Disabled
 Parallel Workers: 8
 Concurrent Workers: 2
 Concurrent Refinement Workers: 8
 Periodic GC: Disabled
Heap:
 garbage-first heap   total 663552K, used 354695K [0x0000000700000000, 0x0000000800000000)
  region size 2048K, 9 young (18432K), 9 survivors (18432K)
 Metaspace       used 127044K, committed 129472K, reserved 557056K
  class space    used 17684K, committed 18816K, reserved 425984K
GC Heap History (20 events):
Event: 106.557 GC heap after
{Heap after GC invocations=46 (full 0):
 garbage-first heap   total 561152K, used 258338K [0x0000000700000000, 0x0000000800000000)
  region size 2048K, 7 young (14336K), 7 survivors (14336K)
 Metaspace       used 122504K, committed 124480K, reserved 557056K
  class space    used 17088K, committed 17984K, reserved 425984K
}
Event: 110.472 GC heap before
{Heap before GC invocations=46 (full 0):
 garbage-first heap   total 561152K, used 446754K [0x0000000700000000, 0x0000000800000000)
  region size 2048K, 100 young (204800K), 7 survivors (14336K)
 Metaspace       used 123216K, committed 125376K, reserved 557056K
  class space    used 17212K, committed 18176K, reserved 425984K
}
Event: 110.506 GC heap after
{Heap after GC invocations=47 (full 0):
 garbage-first heap   total 561152K, used 272864K [0x0000000700000000, 0x0000000800000000)
  region size 2048K, 10 young (20480K), 10 survivors (20480K)
 Metaspace       used 123216K, committed 125376K, reserved 557056K
  class space    used 17212K, committed 18176K, reserved 425984K
}
Event: 112.325 GC heap before
{Heap before GC invocations=47 (full 0):
 garbage-first heap   total 561152K, used 448992K [0x0000000700000000, 0x0000000800000000)
  region size 2048K, 97 young (198656K), 10 survivors (20480K)
 Metaspace       used 124785K, committed 127040K, reserved 557056K
  class space    used 17383K, committed 18432K, reserved 425984K
}
Event: 112.356 GC heap after
{Heap after GC invocations=48 (full 0):
 garbage-first heap   total 561152K, used 289350K [0x0000000700000000, 0x0000000800000000)
  region size 2048K, 11 young (22528K), 11 survivors (22528K)
 Metaspace       used 124785K, committed 127040K, reserved 557056K
  class space    used 17383K, committed 18432K, reserved 425984K
}
Event: 114.263 GC heap before
{Heap before GC invocations=49 (full 0):
 garbage-first heap   total 591872K, used 447046K [0x0000000700000000, 0x0000000800000000)
  region size 2048K, 88 young (180224K), 11 survivors (22528K)
 Metaspace       used 125248K, committed 127488K, reserved 557056K
  class space    used 17444K, committed 18496K, reserved 425984K
}
Event: 114.304 GC heap after
{Heap after GC invocations=50 (full 0):
 garbage-first heap   total 591872K, used 306490K [0x0000000700000000, 0x0000000800000000)
  region size 2048K, 10 young (20480K), 10 survivors (20480K)
 Metaspace       used 125248K, committed 127488K, reserved 557056K
  class space    used 17444K, committed 18496K, reserved 425984K
}
Event: 114.329 GC heap before
{Heap before GC invocations=50 (full 0):
 garbage-first heap   total 591872K, used 312634K [0x0000000700000000, 0x0000000800000000)
  region size 2048K, 14 young (28672K), 10 survivors (20480K)
 Metaspace       used 125248K, committed 127488K, reserved 557056K
  class space    used 17444K, committed 18496K, reserved 425984K
}
Event: 114.350 GC heap after
{Heap after GC invocations=51 (full 0):
 garbage-first heap   total 591872K, used 301916K [0x0000000700000000, 0x0000000800000000)
  region size 2048K, 2 young (4096K), 2 survivors (4096K)
 Metaspace       used 125248K, committed 127488K, reserved 557056K
  class space    used 17444K, committed 18496K, reserved 425984K
}
Event: 116.466 GC heap before
{Heap before GC invocations=51 (full 0):
 garbage-first heap   total 591872K, used 475996K [0x0000000700000000, 0x0000000800000000)
  region size 2048K, 88 young (180224K), 2 survivors (4096K)
 Metaspace       used 125553K, committed 127872K, reserved 557056K
  class space    used 17480K, committed 18560K, reserved 425984K
}
Event: 116.486 GC heap after
{Heap after GC invocations=52 (full 0):
 garbage-first heap   total 591872K, used 314767K [0x0000000700000000, 0x0000000800000000)
  region size 2048K, 9 young (18432K), 9 survivors (18432K)
 Metaspace       used 125553K, committed 127872K, reserved 557056K
  class space    used 17480K, committed 18560K, reserved 425984K
}
Event: 137.070 GC heap before
{Heap before GC invocations=52 (full 0):
 garbage-first heap   total 591872K, used 474511K [0x0000000700000000, 0x0000000800000000)
  region size 2048K, 88 young (180224K), 9 survivors (18432K)
 Metaspace       used 126467K, committed 128832K, reserved 557056K
  class space    used 17604K, committed 18688K, reserved 425984K
}
Event: 137.098 GC heap after
{Heap after GC invocations=53 (full 0):
 garbage-first heap   total 591872K, used 326736K [0x0000000700000000, 0x0000000800000000)
  region size 2048K, 9 young (18432K), 9 survivors (18432K)
 Metaspace       used 126467K, committed 128832K, reserved 557056K
  class space    used 17604K, committed 18688K, reserved 425984K
}
Event: 137.816 GC heap before
{Heap before GC invocations=53 (full 0):
 garbage-first heap   total 591872K, used 476240K [0x0000000700000000, 0x0000000800000000)
  region size 2048K, 83 young (169984K), 9 survivors (18432K)
 Metaspace       used 126559K, committed 128896K, reserved 557056K
  class space    used 17616K, committed 18688K, reserved 425984K
}
Event: 137.855 GC heap after
{Heap after GC invocations=54 (full 0):
 garbage-first heap   total 591872K, used 331478K [0x0000000700000000, 0x0000000800000000)
  region size 2048K, 5 young (10240K), 5 survivors (10240K)
 Metaspace       used 126559K, committed 128896K, reserved 557056K
  class space    used 17616K, committed 18688K, reserved 425984K
}
Event: 138.920 GC heap before
{Heap before GC invocations=55 (full 0):
 garbage-first heap   total 663552K, used 476886K [0x0000000700000000, 0x0000000800000000)
  region size 2048K, 77 young (157696K), 5 survivors (10240K)
 Metaspace       used 126757K, committed 129152K, reserved 557056K
  class space    used 17646K, committed 18752K, reserved 425984K
}
Event: 138.937 GC heap after
{Heap after GC invocations=56 (full 0):
 garbage-first heap   total 663552K, used 344064K [0x0000000700000000, 0x0000000800000000)
  region size 2048K, 10 young (20480K), 10 survivors (20480K)
 Metaspace       used 126757K, committed 129152K, reserved 557056K
  class space    used 17646K, committed 18752K, reserved 425984K
}
Event: 138.960 GC heap before
{Heap before GC invocations=56 (full 0):
 garbage-first heap   total 663552K, used 354304K [0x0000000700000000, 0x0000000800000000)
  region size 2048K, 16 young (32768K), 10 survivors (20480K)
 Metaspace       used 126757K, committed 129152K, reserved 557056K
  class space    used 17646K, committed 18752K, reserved 425984K
}
Event: 138.997 GC heap after
{Heap after GC invocations=57 (full 0):
 garbage-first heap   total 663552K, used 340908K [0x0000000700000000, 0x0000000800000000)
  region size 2048K, 2 young (4096K), 2 survivors (4096K)
 Metaspace       used 126757K, committed 129152K, reserved 557056K
  class space    used 17646K, committed 18752K, reserved 425984K
}
Event: 141.769 GC heap before
{Heap before GC invocations=57 (full 0):
 garbage-first heap   total 663552K, used 541612K [0x0000000700000000, 0x0000000800000000)
  region size 2048K, 101 young (206848K), 2 survivors (4096K)
 Metaspace       used 127044K, committed 129472K, reserved 557056K
  class space    used 17684K, committed 18816K, reserved 425984K
}

